2026-05-02 18:46:58 | DEBUG | bot | [EXITCHECK] SOMIUSDT | Spread (BIN): 0.00% | Phemex: 0.1836 | BIN: 0.1836
2026-05-02 18:46:58 | INFO | bot | [EXIT] ⚠️ FALLBACK (PTBUSDT): DEX price is 0, using Binance source!
2026-05-02 18:46:58 | DEBUG | bot | [EXITCHECK] PTBUSDT | Spread (BIN): 0.11% | Phemex: 0.000786 | BIN: 0.0007869
2026-05-02 18:46:58 | INFO | bot | [EXIT] ⚠️ FALLBACK (ARIAUSDT): DEX price is 0, using Binance source!
2026-05-02 18:46:58 | DEBUG | bot | [EXITCHECK] ARIAUSDT | Spread (BIN): 0.34% | Phemex: 0.0592 | BIN: 0.0594
2026-05-02 18:46:58 | INFO | bot | [EXIT] ⚠️ FALLBACK (TAKEUSDT): DEX price is 0, using Binance source!
2026-05-02 18:46:58 | DEBUG | bot | [EXITCHECK] TAKEUSDT | Spread (BIN): -0.06% | Phemex: 0.03134 | BIN: 0.03132
2026-05-02 18:46:58 | INFO | bot | [EXIT] ⚠️ FALLBACK (OPENUSDT): DEX price is 0, using Binance source!
2026-05-02 18:46:58 | DEBUG | bot | [EXITCHECK] OPENUSDT | Spread (BIN): -0.04% | Phemex: 0.2519 | BIN: 0.2518
2026-05-02 18:46:58 | INFO | bot | [EXIT] ⚠️ FALLBACK (AVNTUSDT): DEX price is 0, using Binance source!
2026-05-02 18:46:58 | DEBUG | bot | [EXITCHECK] AVNTUSDT | Spread (BIN): -0.14% | Phemex: 0.1481 | BIN: 0.1479
2026-05-02 18:46:58 | INFO | bot | [EXIT] ⚠️ FALLBACK (LINEAUSDT): DEX price is 0, using Binance source!
2026-05-02 18:46:58 | DEBUG | bot | [EXITCHECK] LINEAUSDT | Spread (BIN): 0.00% | Phemex: 0.003582 | BIN: 0.003582
2026-05-02 18:46:58 | INFO | bot | [EXIT] ⚠️ FALLBACK (SKYUSDT): DEX price is 0, using Binance source!
2026-05-02 18:46:58 | DEBUG | bot | [EXITCHECK] SKYUSDT | Spread (BIN): -0.01% | Phemex: 0.08095 | BIN: 0.08094
2026-05-02 18:46:58 | INFO | bot | [EXIT] ⚠️ FALLBACK (HOLOUSDT): DEX price is 0, using Binance source!
2026-05-02 18:46:58 | DEBUG | bot | [EXITCHECK] HOLOUSDT | Spread (BIN): 0.11% | Phemex: 0.06233 | BIN: 0.0624
2026-05-02 18:46:58 | INFO | bot | [EXIT] ⚠️ FALLBACK (XPINUSDT): DEX price is 0, using Binance source!
2026-05-02 18:46:58 | DEBUG | bot | [EXITCHECK] XPINUSDT | Spread (BIN): 0.00% | Phemex: 0.001389 | BIN: 0.001389
2026-05-02 18:46:58 | INFO | bot | [EXIT] ⚠️ FALLBACK (ZKCUSDT): DEX price is 0, using Binance source!
2026-05-02 18:46:58 | DEBUG | bot | [EXITCHECK] ZKCUSDT | Spread (BIN): 0.03% | Phemex: 0.07413 | BIN: 0.07415
2026-05-02 18:46:58 | INFO | bot | [EXIT] ⚠️ FALLBACK (TOSHIUSDT): DEX price is 0, using Binance source!
2026-05-02 18:46:58 | DEBUG | bot | [EXITCHECK] TOSHIUSDT | Spread (BIN): 0.00% | Phemex: 0.0001816 | BIN: 0.0001816
2026-05-02 18:46:58 | INFO | bot | [EXIT] ⚠️ FALLBACK (BARDUSDT): DEX price is 0, using Binance source!
2026-05-02 18:46:58 | DEBUG | bot | [EXITCHECK] BARDUSDT | Spread (BIN): 0.11% | Phemex: 0.2797 | BIN: 0.28
2026-05-02 18:46:58 | INFO | bot | [EXIT] ⚠️ FALLBACK (AIAUSDT): DEX price is 0, using Binance source!
2026-05-02 18:46:58 | DEBUG | bot | [EXITCHECK] AIAUSDT | Spread (BIN): -0.06% | Phemex: 0.04989 | BIN: 0.04986
2026-05-02 18:46:58 | INFO | bot | [EXIT] ⚠️ FALLBACK (STBLUSDT): DEX price is 0, using Binance source!
2026-05-02 18:46:58 | DEBUG | bot | [EXITCHECK] STBLUSDT | Spread (BIN): 0.03% | Phemex: 0.03616 | BIN: 0.03617
2026-05-02 18:46:58 | INFO | bot | [EXIT] ⚠️ FALLBACK (ASTERUSDT): DEX price is 0, using Binance source!
2026-05-02 18:46:58 | DEBUG | bot | [EXITCHECK] ASTERUSDT | Spread (BIN): -0.04% | Phemex: 0.6744 | BIN: 0.6741
2026-05-02 18:46:58 | INFO | bot | [EXIT] ⚠️ FALLBACK (TRADOORUSDT): DEX price is 0, using Binance source!
2026-05-02 18:46:58 | DEBUG | bot | [EXITCHECK] TRADOORUSDT | Spread (BIN): -0.25% | Phemex: 0.714 | BIN: 0.7122
2026-05-02 18:46:58 | INFO | bot | [EXIT] ⚠️ FALLBACK (0GUSDT): DEX price is 0, using Binance source!
2026-05-02 18:46:58 | DEBUG | bot | [EXITCHECK] 0GUSDT | Spread (BIN): -0.04% | Phemex: 0.5375 | BIN: 0.5373
2026-05-02 18:46:58 | INFO | bot | [EXIT] ⚠️ FALLBACK (XANUSDT): DEX price is 0, using Binance source!
2026-05-02 18:46:58 | DEBUG | bot | [EXITCHECK] XANUSDT | Spread (BIN): -0.13% | Phemex: 0.00854 | BIN: 0.008529
2026-05-02 18:46:58 | INFO | bot | [EXIT] ⚠️ FALLBACK (BLESSUSDT): DEX price is 0, using Binance source!
2026-05-02 18:46:58 | DEBUG | bot | [EXITCHECK] BLESSUSDT | Spread (BIN): 0.08% | Phemex: 0.00638 | BIN: 0.006385
2026-05-02 18:46:58 | INFO | bot | [EXIT] ⚠️ FALLBACK (HEMIUSDT): DEX price is 0, using Binance source!
2026-05-02 18:46:58 | DEBUG | bot | [EXITCHECK] HEMIUSDT | Spread (BIN): 0.00% | Phemex: 0.007442 | BIN: 0.007442
2026-05-02 18:46:58 | INFO | bot | [EXIT] ⚠️ FALLBACK (COAIUSDT): DEX price is 0, using Binance source!
2026-05-02 18:46:58 | DEBUG | bot | [EXITCHECK] COAIUSDT | Spread (BIN): 0.05% | Phemex: 0.3672 | BIN: 0.3674
2026-05-02 18:46:58 | INFO | bot | [EXIT] ⚠️ FALLBACK (XPLUSDT): DEX price is 0, using Binance source!
2026-05-02 18:46:58 | DEBUG | bot | [EXITCHECK] XPLUSDT | Spread (BIN): 0.11% | Phemex: 0.0905 | BIN: 0.0906
2026-05-02 18:46:58 | INFO | bot | [EXIT] ⚠️ FALLBACK (MIRAUSDT): DEX price is 0, using Binance source!
2026-05-02 18:46:58 | DEBUG | bot | [EXITCHECK] MIRAUSDT | Spread (BIN): 0.06% | Phemex: 0.0819 | BIN: 0.08195
2026-05-02 18:46:58 | INFO | bot | [EXIT] ⚠️ FALLBACK (HANAUSDT): DEX price is 0, using Binance source!
2026-05-02 18:46:58 | DEBUG | bot | [EXITCHECK] HANAUSDT | Spread (BIN): 0.00% | Phemex: 0.03674 | BIN: 0.03674
2026-05-02 18:46:58 | INFO | bot | [EXIT] ⚠️ FALLBACK (LIGHTUSDT): DEX price is 0, using Binance source!
2026-05-02 18:46:58 | DEBUG | bot | [EXITCHECK] LIGHTUSDT | Spread (BIN): -0.06% | Phemex: 0.1573 | BIN: 0.1572
2026-05-02 18:46:58 | INFO | bot | [EXIT] ⚠️ FALLBACK (AKEUSDT): DEX price is 0, using Binance source!
2026-05-02 18:46:58 | DEBUG | bot | [EXITCHECK] AKEUSDT | Spread (BIN): 0.03% | Phemex: 0.0003323 | BIN: 0.0003324
2026-05-02 18:46:58 | INFO | bot | [EXIT] ⚠️ FALLBACK (NOMUSDT): DEX price is 0, using Binance source!
2026-05-02 18:46:58 | DEBUG | bot | [EXITCHECK] NOMUSDT | Spread (BIN): -0.08% | Phemex: 0.002614 | BIN: 0.002612
2026-05-02 18:46:58 | INFO | bot | [EXIT] ⚠️ FALLBACK (FFUSDT): DEX price is 0, using Binance source!
2026-05-02 18:46:58 | DEBUG | bot | [EXITCHECK] FFUSDT | Spread (BIN): 0.00% | Phemex: 0.06261 | BIN: 0.06261
2026-05-02 18:46:58 | INFO | bot | [EXIT] ⚠️ FALLBACK (DOODUSDT): DEX price is 0, using Binance source!
2026-05-02 18:46:58 | DEBUG | bot | [EXITCHECK] DOODUSDT | Spread (BIN): 0.19% | Phemex: 0.003202 | BIN: 0.003208
2026-05-02 18:46:58 | INFO | bot | [EXIT] ⚠️ FALLBACK (NXPCUSDT): DEX price is 0, using Binance source!
2026-05-02 18:46:58 | DEBUG | bot | [EXITCHECK] NXPCUSDT | Spread (BIN): 0.00% | Phemex: 0.2951 | BIN: 0.2951
2026-05-02 18:46:58 | INFO | bot | [EXIT] ⚠️ FALLBACK (BANANAS31USDT): DEX price is 0, using Binance source!
2026-05-02 18:46:58 | DEBUG | bot | [EXITCHECK] BANANAS31USDT | Spread (BIN): -0.01% | Phemex: 0.009952 | BIN: 0.009951
2026-05-02 18:46:58 | INFO | bot | [EXIT] ⚠️ FALLBACK (CVCUSDT): DEX price is 0, using Binance source!
2026-05-02 18:46:58 | DEBUG | bot | [EXITCHECK] CVCUSDT | Spread (BIN): -0.03% | Phemex: 0.03043 | BIN: 0.03042
2026-05-02 18:46:58 | INFO | bot | [EXIT] ⚠️ FALLBACK (AWEUSDT): DEX price is 0, using Binance source!
2026-05-02 18:46:58 | DEBUG | bot | [EXITCHECK] AWEUSDT | Spread (BIN): 0.04% | Phemex: 0.05522 | BIN: 0.05524
2026-05-02 18:46:58 | INFO | bot | [EXIT] ⚠️ FALLBACK (SOONUSDT): DEX price is 0, using Binance source!
2026-05-02 18:46:58 | DEBUG | bot | [EXITCHECK] SOONUSDT | Spread (BIN): 0.00% | Phemex: 0.1759 | BIN: 0.1759
2026-05-02 18:46:58 | INFO | bot | [EXIT] ⚠️ FALLBACK (BUSDT): DEX price is 0, using Binance source!
2026-05-02 18:46:58 | DEBUG | bot | [EXITCHECK] BUSDT | Spread (BIN): 0.55% | Phemex: 0.3451 | BIN: 0.347
2026-05-02 18:46:58 | INFO | bot | [EXIT] ⚠️ FALLBACK (BROCCOLIF3BUSDT): DEX price is 0, using Binance source!
2026-05-02 18:46:58 | DEBUG | bot | [EXITCHECK] BROCCOLIF3BUSDT | Spread (BIN): 0.07% | Phemex: 0.004034 | BIN: 0.004037
2026-05-02 18:46:58 | INFO | bot | [EXIT] ⚠️ FALLBACK (HUMAUSDT): DEX price is 0, using Binance source!
2026-05-02 18:46:58 | DEBUG | bot | [EXITCHECK] HUMAUSDT | Spread (BIN): 0.01% | Phemex: 0.02205 | BIN: 0.022052
2026-05-02 18:46:58 | INFO | bot | [EXIT] ⚠️ FALLBACK (SOPHUSDT): DEX price is 0, using Binance source!
2026-05-02 18:46:58 | DEBUG | bot | [EXITCHECK] SOPHUSDT | Spread (BIN): -0.07% | Phemex: 0.00881 | BIN: 0.008804
2026-05-02 18:46:58 | INFO | bot | [EXIT] ⚠️ FALLBACK (AUSDT): DEX price is 0, using Binance source!
2026-05-02 18:46:58 | DEBUG | bot | [EXITCHECK] AUSDT | Spread (BIN): 0.02% | Phemex: 0.08974 | BIN: 0.08976
2026-05-02 18:46:58 | INFO | bot | [EXIT] ⚠️ FALLBACK (LAUSDT): DEX price is 0, using Binance source!
2026-05-02 18:46:58 | DEBUG | bot | [EXITCHECK] LAUSDT | Spread (BIN): 0.07% | Phemex: 0.1385 | BIN: 0.1386
2026-05-02 18:46:58 | INFO | bot | [EXIT] ⚠️ FALLBACK (PUMPBTCUSDT): DEX price is 0, using Binance source!
2026-05-02 18:46:58 | DEBUG | bot | [EXITCHECK] PUMPBTCUSDT | Spread (BIN): 0.00% | Phemex: 0.01446 | BIN: 0.01446
2026-05-02 18:46:58 | INFO | bot | [EXIT] ⚠️ FALLBACK (HOMEUSDT): DEX price is 0, using Binance source!
2026-05-02 18:46:58 | DEBUG | bot | [EXITCHECK] HOMEUSDT | Spread (BIN): -0.03% | Phemex: 0.014448 | BIN: 0.014444
2026-05-02 18:46:58 | INFO | bot | [EXIT] ⚠️ FALLBACK (RESOLVUSDT): DEX price is 0, using Binance source!
2026-05-02 18:46:58 | DEBUG | bot | [EXITCHECK] RESOLVUSDT | Spread (BIN): 0.00% | Phemex: 0.02944 | BIN: 0.02944
2026-05-02 18:46:58 | INFO | bot | [EXIT] ⚠️ FALLBACK (SQDUSDT): DEX price is 0, using Binance source!
2026-05-02 18:46:58 | DEBUG | bot | [EXITCHECK] SQDUSDT | Spread (BIN): 0.15% | Phemex: 0.03238 | BIN: 0.03243
2026-05-02 18:46:58 | INFO | bot | [EXIT] ⚠️ FALLBACK (TAIKOUSDT): DEX price is 0, using Binance source!
2026-05-02 18:46:58 | DEBUG | bot | [EXITCHECK] TAIKOUSDT | Spread (BIN): -0.09% | Phemex: 0.1142 | BIN: 0.1141
2026-05-02 18:46:58 | INFO | bot | [EXIT] ⚠️ FALLBACK (SPKUSDT): DEX price is 0, using Binance source!
2026-05-02 18:46:58 | DEBUG | bot | [EXITCHECK] SPKUSDT | Spread (BIN): 0.00% | Phemex: 0.03788 | BIN: 0.03788
2026-05-02 18:46:58 | INFO | bot | [EXIT] ⚠️ FALLBACK (FUSDT): DEX price is 0, using Binance source!
2026-05-02 18:46:58 | DEBUG | bot | [EXITCHECK] FUSDT | Spread (BIN): -0.02% | Phemex: 0.005505 | BIN: 0.005504
2026-05-02 18:46:58 | INFO | bot | [EXIT] ⚠️ FALLBACK (NEWTUSDT): DEX price is 0, using Binance source!
2026-05-02 18:46:58 | DEBUG | bot | [EXITCHECK] NEWTUSDT | Spread (BIN): -0.03% | Phemex: 0.07585 | BIN: 0.07583
2026-05-02 18:46:58 | INFO | bot | [EXIT] ⚠️ FALLBACK (HUSDT): DEX price is 0, using Binance source!
2026-05-02 18:46:58 | DEBUG | bot | [EXITCHECK] HUSDT | Spread (BIN): -0.03% | Phemex: 0.19328 | BIN: 0.19322
2026-05-02 18:46:58 | INFO | bot | [EXIT] ⚠️ FALLBACK (SAHARAUSDT): DEX price is 0, using Binance source!
2026-05-02 18:46:58 | DEBUG | bot | [EXITCHECK] SAHARAUSDT | Spread (BIN): 0.00% | Phemex: 0.0238 | BIN: 0.0238
2026-05-02 18:46:58 | INFO | bot | [EXIT] ⚠️ FALLBACK (ICNTUSDT): DEX price is 0, using Binance source!
2026-05-02 18:46:58 | DEBUG | bot | [EXITCHECK] ICNTUSDT | Spread (BIN): 0.03% | Phemex: 0.3358 | BIN: 0.3359
2026-05-02 18:46:58 | INFO | bot | [EXIT] ⚠️ FALLBACK (PUMPUSDT): DEX price is 0, using Binance source!
2026-05-02 18:46:58 | DEBUG | bot | [EXITCHECK] PUMPUSDT | Spread (BIN): 0.00% | Phemex: 0.001833 | BIN: 0.001833
2026-05-02 18:46:58 | INFO | bot | [EXIT] ⚠️ FALLBACK (TACUSDT): DEX price is 0, using Binance source!
2026-05-02 18:46:58 | DEBUG | bot | [EXITCHECK] TACUSDT | Spread (BIN): 0.04% | Phemex: 0.021008 | BIN: 0.021016
2026-05-02 18:46:58 | INFO | bot | [EXIT] ⚠️ FALLBACK (USELESSUSDT): DEX price is 0, using Binance source!
2026-05-02 18:46:58 | DEBUG | bot | [EXITCHECK] USELESSUSDT | Spread (BIN): 0.07% | Phemex: 0.04131 | BIN: 0.04134
2026-05-02 18:46:58 | INFO | bot | [EXIT] ⚠️ FALLBACK (ERAUSDT): DEX price is 0, using Binance source!
2026-05-02 18:46:58 | DEBUG | bot | [EXITCHECK] ERAUSDT | Spread (BIN): 0.00% | Phemex: 0.1366 | BIN: 0.1366
2026-05-02 18:46:58 | INFO | bot | [EXIT] ⚠️ FALLBACK (TAUSDT): DEX price is 0, using Binance source!
2026-05-02 18:46:58 | DEBUG | bot | [EXITCHECK] TAUSDT | Spread (BIN): 0.04% | Phemex: 0.05001 | BIN: 0.05003
2026-05-02 18:46:58 | INFO | bot | [EXIT] ⚠️ FALLBACK (BICOUSDT): DEX price is 0, using Binance source!
2026-05-02 18:46:58 | DEBUG | bot | [EXITCHECK] BICOUSDT | Spread (BIN): 0.00% | Phemex: 0.02477 | BIN: 0.02477
2026-05-02 18:46:58 | INFO | bot | [EXIT] ⚠️ FALLBACK (TREEUSDT): DEX price is 0, using Binance source!
2026-05-02 18:46:58 | DEBUG | bot | [EXITCHECK] TREEUSDT | Spread (BIN): 0.03% | Phemex: 0.07013 | BIN: 0.07015
2026-05-02 18:46:58 | INFO | bot | [EXIT] ⚠️ FALLBACK (ESPORTSUSDT): DEX price is 0, using Binance source!
2026-05-02 18:46:58 | DEBUG | bot | [EXITCHECK] ESPORTSUSDT | Spread (BIN): 0.08% | Phemex: 0.3827 | BIN: 0.383
2026-05-02 18:46:58 | INFO | bot | [EXIT] ⚠️ FALLBACK (NAORISUSDT): DEX price is 0, using Binance source!
2026-05-02 18:46:58 | DEBUG | bot | [EXITCHECK] NAORISUSDT | Spread (BIN): 0.14% | Phemex: 0.10024 | BIN: 0.10038
2026-05-02 18:46:58 | INFO | bot | [EXIT] ⚠️ FALLBACK (MYXUSDT): DEX price is 0, using Binance source!
2026-05-02 18:46:58 | DEBUG | bot | [EXITCHECK] MYXUSDT | Spread (BIN): -0.27% | Phemex: 0.2548 | BIN: 0.2541
2026-05-02 18:46:58 | INFO | bot | [EXIT] ⚠️ FALLBACK (TOWNSUSDT): DEX price is 0, using Binance source!
2026-05-02 18:46:58 | DEBUG | bot | [EXITCHECK] TOWNSUSDT | Spread (BIN): 0.03% | Phemex: 0.003441 | BIN: 0.003442
2026-05-02 18:46:58 | INFO | bot | [EXIT] ⚠️ FALLBACK (PROVEUSDT): DEX price is 0, using Binance source!
2026-05-02 18:46:58 | DEBUG | bot | [EXITCHECK] PROVEUSDT | Spread (BIN): 0.00% | Phemex: 0.247 | BIN: 0.247
2026-05-02 18:46:58 | INFO | bot | [EXIT] ⚠️ FALLBACK (XLMUSDT): DEX price is 0, using Binance source!
2026-05-02 18:46:58 | DEBUG | bot | [EXITCHECK] XLMUSDT | Spread (BIN): 0.00% | Phemex: 0.15996 | BIN: 0.15996
2026-05-02 18:46:58 | INFO | bot | [EXIT] ⚠️ FALLBACK (PUNDIXUSDT): DEX price is 0, using Binance source!
2026-05-02 18:46:58 | DEBUG | bot | [EXITCHECK] PUNDIXUSDT | Spread (BIN): 0.00% | Phemex: 0.1457 | BIN: 0.1457
2026-05-02 18:46:58 | INFO | bot | [EXIT] ⚠️ FALLBACK (IDUSDT): DEX price is 0, using Binance source!
2026-05-02 18:46:58 | DEBUG | bot | [EXITCHECK] IDUSDT | Spread (BIN): 0.00% | Phemex: 0.03158 | BIN: 0.03158
2026-05-02 18:46:58 | INFO | bot | [EXIT] ⚠️ FALLBACK (LITEUSDT): DEX price is 0, using Binance source!
2026-05-02 18:46:58 | DEBUG | bot | [EXITCHECK] LITEUSDT | Spread (BIN): 0.00% | Phemex: 959.71 | BIN: 0.0
2026-05-02 18:46:58 | INFO | bot | [EXIT] ⚠️ FALLBACK (TRUTHUSDT): DEX price is 0, using Binance source!
2026-05-02 18:46:58 | DEBUG | bot | [EXITCHECK] TRUTHUSDT | Spread (BIN): -0.43% | Phemex: 0.01004 | BIN: 0.009997
2026-05-02 18:46:58 | INFO | bot | [EXIT] ⚠️ FALLBACK (BERAUSDT): DEX price is 0, using Binance source!
2026-05-02 18:46:58 | DEBUG | bot | [EXITCHECK] BERAUSDT | Spread (BIN): 0.03% | Phemex: 0.3712 | BIN: 0.3713
2026-05-02 18:46:58 | INFO | bot | [EXIT] ⚠️ FALLBACK (RAVEUSDT): DEX price is 0, using Binance source!
2026-05-02 18:46:58 | DEBUG | bot | [EXITCHECK] RAVEUSDT | Spread (BIN): 0.03% | Phemex: 0.6627 | BIN: 0.6629
2026-05-02 18:46:58 | INFO | bot | [EXIT] ⚠️ FALLBACK (THEUSDT): DEX price is 0, using Binance source!
2026-05-02 18:46:58 | DEBUG | bot | [EXITCHECK] THEUSDT | Spread (BIN): 0.10% | Phemex: 0.1004 | BIN: 0.1005
2026-05-02 18:46:58 | INFO | bot | [EXIT] ⚠️ FALLBACK (BBUSDT): DEX price is 0, using Binance source!
2026-05-02 18:46:58 | DEBUG | bot | [EXITCHECK] BBUSDT | Spread (BIN): -0.16% | Phemex: 0.0315 | BIN: 0.03145
2026-05-02 18:46:58 | INFO | bot | [EXIT] ⚠️ FALLBACK (COLLECTUSDT): DEX price is 0, using Binance source!
2026-05-02 18:46:58 | DEBUG | bot | [EXITCHECK] COLLECTUSDT | Spread (BIN): -0.30% | Phemex: 0.03025 | BIN: 0.03016
2026-05-02 18:46:58 | INFO | bot | [EXIT] ⚠️ FALLBACK (WHITEWHALEUSDT): DEX price is 0, using Binance source!
2026-05-02 18:46:58 | DEBUG | bot | [EXITCHECK] WHITEWHALEUSDT | Spread (BIN): 0.00% | Phemex: 0.00635 | BIN: 0.0
2026-05-02 18:46:58 | INFO | bot | [EXIT] ⚠️ FALLBACK (ZAMAUSDT): DEX price is 0, using Binance source!
2026-05-02 18:46:58 | DEBUG | bot | [EXITCHECK] ZAMAUSDT | Spread (BIN): -0.04% | Phemex: 0.02714 | BIN: 0.02713
2026-05-02 18:46:58 | INFO | bot | [EXIT] ⚠️ FALLBACK (FOGOUSDT): DEX price is 0, using Binance source!
2026-05-02 18:46:58 | DEBUG | bot | [EXITCHECK] FOGOUSDT | Spread (BIN): 0.00% | Phemex: 0.01757 | BIN: 0.01757
2026-05-02 18:46:58 | INFO | bot | [EXIT] ⚠️ FALLBACK (FRAXUSDT): DEX price is 0, using Binance source!
2026-05-02 18:46:58 | DEBUG | bot | [EXITCHECK] FRAXUSDT | Spread (BIN): 0.00% | Phemex: 0.4652 | BIN: 0.4652
2026-05-02 18:46:58 | INFO | bot | [EXIT] ⚠️ FALLBACK (SPORTFUNUSDT): DEX price is 0, using Binance source!
2026-05-02 18:46:58 | DEBUG | bot | [EXITCHECK] SPORTFUNUSDT | Spread (BIN): -0.02% | Phemex: 0.04466 | BIN: 0.04465
2026-05-02 18:46:58 | INFO | bot | [EXIT] ⚠️ FALLBACK (ACUUSDT): DEX price is 0, using Binance source!
2026-05-02 18:46:58 | DEBUG | bot | [EXITCHECK] ACUUSDT | Spread (BIN): -0.11% | Phemex: 0.09265 | BIN: 0.09255
2026-05-02 18:46:58 | INFO | bot | [EXIT] ⚠️ FALLBACK (SKRUSDT): DEX price is 0, using Binance source!
2026-05-02 18:46:58 | DEBUG | bot | [EXITCHECK] SKRUSDT | Spread (BIN): 0.00% | Phemex: 0.016194 | BIN: 0.016194
2026-05-02 18:46:58 | INFO | bot | [EXIT] ⚠️ FALLBACK (ELSAUSDT): DEX price is 0, using Binance source!
2026-05-02 18:46:58 | DEBUG | bot | [EXITCHECK] ELSAUSDT | Spread (BIN): 0.09% | Phemex: 0.07395 | BIN: 0.07402
2026-05-02 18:46:58 | INFO | bot | [EXIT] ⚠️ FALLBACK (FIGHTUSDT): DEX price is 0, using Binance source!
2026-05-02 18:46:58 | DEBUG | bot | [EXITCHECK] FIGHTUSDT | Spread (BIN): -0.23% | Phemex: 0.004417 | BIN: 0.004407
2026-05-02 18:46:58 | INFO | bot | [EXIT] ⚠️ FALLBACK (SPACEUSDT): DEX price is 0, using Binance source!
2026-05-02 18:46:58 | DEBUG | bot | [EXITCHECK] SPACEUSDT | Spread (BIN): 0.09% | Phemex: 0.008161 | BIN: 0.008168
2026-05-02 18:46:58 | INFO | bot | [EXIT] ⚠️ FALLBACK (TSLAUSDT): DEX price is 0, using Binance source!
2026-05-02 18:46:58 | DEBUG | bot | [EXITCHECK] TSLAUSDT | Spread (BIN): 0.02% | Phemex: 391.88 | BIN: 391.94
2026-05-02 18:46:58 | INFO | bot | [EXIT] ⚠️ FALLBACK (XAUUSDT): DEX price is 0, using Binance source!
2026-05-02 18:46:58 | DEBUG | bot | [EXITCHECK] XAUUSDT | Spread (BIN): 0.00% | Phemex: 4617.0 | BIN: 4617.0
2026-05-02 18:46:58 | INFO | bot | [EXIT] ⚠️ FALLBACK (BIRBUSDT): DEX price is 0, using Binance source!
2026-05-02 18:46:58 | DEBUG | bot | [EXITCHECK] BIRBUSDT | Spread (BIN): 0.04% | Phemex: 0.13587 | BIN: 0.13593
2026-05-02 18:46:58 | INFO | bot | [EXIT] ⚠️ FALLBACK (GWEIUSDT): DEX price is 0, using Binance source!
2026-05-02 18:46:58 | DEBUG | bot | [EXITCHECK] GWEIUSDT | Spread (BIN): -0.36% | Phemex: 0.10631 | BIN: 0.10593
2026-05-02 18:46:58 | INFO | bot | [EXIT] ⚠️ FALLBACK (XAGUSDT): DEX price is 0, using Binance source!
2026-05-02 18:46:58 | DEBUG | bot | [EXITCHECK] XAGUSDT | Spread (BIN): -0.04% | Phemex: 75.47 | BIN: 75.44
2026-05-02 18:46:58 | INFO | bot | [EXIT] ⚠️ FALLBACK (INXUSDT): DEX price is 0, using Binance source!
2026-05-02 18:46:58 | DEBUG | bot | [EXITCHECK] INXUSDT | Spread (BIN): -0.06% | Phemex: 0.010102 | BIN: 0.010096
2026-05-02 18:46:58 | INFO | bot | [EXIT] ⚠️ FALLBACK (XPDUSDT): DEX price is 0, using Binance source!
2026-05-02 18:46:58 | DEBUG | bot | [EXITCHECK] XPDUSDT | Spread (BIN): 0.06% | Phemex: 1525.55 | BIN: 1526.42
2026-05-02 18:46:58 | INFO | bot | [EXIT] ⚠️ FALLBACK (HOODUSDT): DEX price is 0, using Binance source!
2026-05-02 18:46:58 | DEBUG | bot | [EXITCHECK] HOODUSDT | Spread (BIN): -0.01% | Phemex: 73.66 | BIN: 73.65
2026-05-02 18:46:58 | INFO | bot | [EXIT] ⚠️ FALLBACK (INTCUSDT): DEX price is 0, using Binance source!
2026-05-02 18:46:58 | DEBUG | bot | [EXITCHECK] INTCUSDT | Spread (BIN): -0.02% | Phemex: 101.11 | BIN: 101.09
2026-05-02 18:46:58 | INFO | bot | [EXIT] ⚠️ FALLBACK (NVDAUSDT): DEX price is 0, using Binance source!
2026-05-02 18:46:58 | DEBUG | bot | [EXITCHECK] NVDAUSDT | Spread (BIN): 0.01% | Phemex: 198.39 | BIN: 198.4
2026-05-02 18:46:58 | INFO | bot | [EXIT] ⚠️ FALLBACK (CRCLUSDT): DEX price is 0, using Binance source!
2026-05-02 18:46:58 | DEBUG | bot | [EXITCHECK] CRCLUSDT | Spread (BIN): -0.12% | Phemex: 100.99 | BIN: 100.87
2026-05-02 18:46:58 | INFO | bot | [EXIT] ⚠️ FALLBACK (METAUSDT): DEX price is 0, using Binance source!
2026-05-02 18:46:58 | DEBUG | bot | [EXITCHECK] METAUSDT | Spread (BIN): 0.02% | Phemex: 609.35 | BIN: 609.47
2026-05-02 18:46:58 | INFO | bot | [EXIT] ⚠️ FALLBACK (GOOGLUSDT): DEX price is 0, using Binance source!
2026-05-02 18:46:58 | DEBUG | bot | [EXITCHECK] GOOGLUSDT | Spread (BIN): 0.00% | Phemex: 385.56 | BIN: 385.56
2026-05-02 18:46:58 | INFO | bot | [EXIT] ⚠️ FALLBACK (AAPLUSDT): DEX price is 0, using Binance source!
2026-05-02 18:46:58 | DEBUG | bot | [EXITCHECK] AAPLUSDT | Spread (BIN): 0.01% | Phemex: 280.46 | BIN: 280.48
2026-05-02 18:46:58 | INFO | bot | [EXIT] ⚠️ FALLBACK (AMZNUSDT): DEX price is 0, using Binance source!
2026-05-02 18:46:58 | DEBUG | bot | [EXITCHECK] AMZNUSDT | Spread (BIN): 0.03% | Phemex: 267.71 | BIN: 267.78
2026-05-02 18:46:58 | INFO | bot | [EXIT] ⚠️ FALLBACK (COINUSDT): DEX price is 0, using Binance source!
2026-05-02 18:46:58 | DEBUG | bot | [EXITCHECK] COINUSDT | Spread (BIN): 0.10% | Phemex: 193.56 | BIN: 193.75
2026-05-02 18:46:58 | INFO | bot | [EXIT] ⚠️ FALLBACK (MSTRUSDT): DEX price is 0, using Binance source!
2026-05-02 18:46:58 | DEBUG | bot | [EXITCHECK] MSTRUSDT | Spread (BIN): -0.17% | Phemex: 177.46 | BIN: 177.16
2026-05-02 18:46:58 | INFO | bot | [EXIT] ⚠️ FALLBACK (BABAUSDT): DEX price is 0, using Binance source!
2026-05-02 18:46:58 | DEBUG | bot | [EXITCHECK] BABAUSDT | Spread (BIN): -0.02% | Phemex: 131.68 | BIN: 131.65
2026-05-02 18:46:58 | INFO | bot | [EXIT] ⚠️ FALLBACK (ACNUSDT): DEX price is 0, using Binance source!
2026-05-02 18:46:58 | DEBUG | bot | [EXITCHECK] ACNUSDT | Spread (BIN): 0.00% | Phemex: 179.37 | BIN: 0.0
2026-05-02 18:46:58 | INFO | bot | [EXIT] ⚠️ FALLBACK (UNHUSDT): DEX price is 0, using Binance source!
2026-05-02 18:46:58 | DEBUG | bot | [EXITCHECK] UNHUSDT | Spread (BIN): 0.00% | Phemex: 370.55 | BIN: 0.0
2026-05-02 18:46:58 | INFO | bot | [EXIT] ⚠️ FALLBACK (RDDTUSDT): DEX price is 0, using Binance source!
2026-05-02 18:46:58 | DEBUG | bot | [EXITCHECK] RDDTUSDT | Spread (BIN): 0.00% | Phemex: 166.09 | BIN: 0.0
2026-05-02 18:46:58 | INFO | bot | [EXIT] ⚠️ FALLBACK (PLTRUSDT): DEX price is 0, using Binance source!
2026-05-02 18:46:58 | DEBUG | bot | [EXITCHECK] PLTRUSDT | Spread (BIN): -0.23% | Phemex: 144.94 | BIN: 144.6
2026-05-02 18:46:58 | INFO | bot | [EXIT] ⚠️ FALLBACK (ORCLUSDT): DEX price is 0, using Binance source!
2026-05-02 18:46:58 | DEBUG | bot | [EXITCHECK] ORCLUSDT | Spread (BIN): 0.00% | Phemex: 172.68 | BIN: 0.0
2026-05-02 18:46:58 | INFO | bot | [EXIT] ⚠️ FALLBACK (EDUUSDT): DEX price is 0, using Binance source!
2026-05-02 18:46:58 | DEBUG | bot | [EXITCHECK] EDUUSDT | Spread (BIN): 0.02% | Phemex: 0.04783 | BIN: 0.04784
2026-05-02 18:46:58 | INFO | bot | [EXIT] ⚠️ FALLBACK (ORDIUSDT): DEX price is 0, using Binance source!
2026-05-02 18:46:58 | DEBUG | bot | [EXITCHECK] ORDIUSDT | Spread (BIN): 0.50% | Phemex: 5.761 | BIN: 5.79
2026-05-02 18:46:58 | INFO | bot | [EXIT] ⚠️ FALLBACK (MAVUSDT): DEX price is 0, using Binance source!
2026-05-02 18:46:58 | DEBUG | bot | [EXITCHECK] MAVUSDT | Spread (BIN): 0.00% | Phemex: 0.0154 | BIN: 0.0154
2026-05-02 18:46:58 | INFO | bot | [EXIT] ⚠️ FALLBACK (XVGUSDT): DEX price is 0, using Binance source!
2026-05-02 18:46:58 | DEBUG | bot | [EXITCHECK] XVGUSDT | Spread (BIN): 0.03% | Phemex: 0.003217 | BIN: 0.003218
2026-05-02 18:46:58 | INFO | bot | [EXIT] ⚠️ FALLBACK (WLDUSDT): DEX price is 0, using Binance source!
2026-05-02 18:46:58 | DEBUG | bot | [EXITCHECK] WLDUSDT | Spread (BIN): 0.00% | Phemex: 0.2441 | BIN: 0.2441
2026-05-02 18:46:58 | INFO | bot | [EXIT] ⚠️ FALLBACK (PENDLEUSDT): DEX price is 0, using Binance source!
2026-05-02 18:46:58 | DEBUG | bot | [EXITCHECK] PENDLEUSDT | Spread (BIN): 0.11% | Phemex: 1.6 | BIN: 1.6017
2026-05-02 18:46:58 | INFO | bot | [EXIT] ⚠️ FALLBACK (AUCTIONUSDT): DEX price is 0, using Binance source!
2026-05-02 18:46:58 | DEBUG | bot | [EXITCHECK] AUCTIONUSDT | Spread (BIN): -0.02% | Phemex: 4.76 | BIN: 4.759
2026-05-02 18:46:58 | INFO | bot | [EXIT] ⚠️ FALLBACK (ARKMUSDT): DEX price is 0, using Binance source!
2026-05-02 18:46:58 | DEBUG | bot | [EXITCHECK] ARKMUSDT | Spread (BIN): 0.08% | Phemex: 0.1241 | BIN: 0.1242
2026-05-02 18:46:58 | INFO | bot | [EXIT] ⚠️ FALLBACK (SEIUSDT): DEX price is 0, using Binance source!
2026-05-02 18:46:58 | DEBUG | bot | [EXITCHECK] SEIUSDT | Spread (BIN): 0.00% | Phemex: 0.0587 | BIN: 0.0587
2026-05-02 18:46:58 | INFO | bot | [EXIT] ⚠️ FALLBACK (CYBERUSDT): DEX price is 0, using Binance source!
2026-05-02 18:46:58 | DEBUG | bot | [EXITCHECK] CYBERUSDT | Spread (BIN): 0.02% | Phemex: 0.5332 | BIN: 0.5333
2026-05-02 18:46:58 | INFO | bot | [EXIT] ⚠️ FALLBACK (TRBUSDT): DEX price is 0, using Binance source!
2026-05-02 18:46:58 | DEBUG | bot | [EXITCHECK] TRBUSDT | Spread (BIN): 0.02% | Phemex: 20.411 | BIN: 20.416
2026-05-02 18:46:58 | INFO | bot | [EXIT] ⚠️ FALLBACK (XVSUSDT): DEX price is 0, using Binance source!
2026-05-02 18:46:58 | DEBUG | bot | [EXITCHECK] XVSUSDT | Spread (BIN): -0.31% | Phemex: 2.561 | BIN: 2.553
2026-05-02 18:46:58 | INFO | bot | [EXIT] ⚠️ FALLBACK (DUSKUSDT): DEX price is 0, using Binance source!
2026-05-02 18:46:58 | DEBUG | bot | [EXITCHECK] DUSKUSDT | Spread (BIN): -0.02% | Phemex: 0.1327 | BIN: 0.13267
2026-05-02 18:46:58 | INFO | bot | [EXIT] ⚠️ FALLBACK (NMRUSDT): DEX price is 0, using Binance source!
2026-05-02 18:46:58 | DEBUG | bot | [EXITCHECK] NMRUSDT | Spread (BIN): -0.03% | Phemex: 9.041 | BIN: 9.038
2026-05-02 18:46:58 | INFO | bot | [EXIT] ⚠️ FALLBACK (ARKUSDT): DEX price is 0, using Binance source!
2026-05-02 18:46:58 | DEBUG | bot | [EXITCHECK] ARKUSDT | Spread (BIN): 0.06% | Phemex: 0.1732 | BIN: 0.1733
2026-05-02 18:46:58 | INFO | bot | [EXIT] ⚠️ FALLBACK (BIGTIMEUSDT): DEX price is 0, using Binance source!
2026-05-02 18:46:58 | DEBUG | bot | [EXITCHECK] BIGTIMEUSDT | Spread (BIN): -0.07% | Phemex: 0.01372 | BIN: 0.01371
2026-05-02 18:46:58 | INFO | bot | [EXIT] ⚠️ FALLBACK (BNTUSDT): DEX price is 0, using Binance source!
2026-05-02 18:46:58 | DEBUG | bot | [EXITCHECK] BNTUSDT | Spread (BIN): 0.00% | Phemex: 0.3114 | BIN: 0.3114
2026-05-02 18:46:58 | INFO | bot | [EXIT] ⚠️ FALLBACK (WAXPUSDT): DEX price is 0, using Binance source!
2026-05-02 18:46:58 | DEBUG | bot | [EXITCHECK] WAXPUSDT | Spread (BIN): 0.01% | Phemex: 0.006708 | BIN: 0.006709
2026-05-02 18:46:58 | INFO | bot | [EXIT] ⚠️ FALLBACK (POLYXUSDT): DEX price is 0, using Binance source!
2026-05-02 18:46:58 | DEBUG | bot | [EXITCHECK] POLYXUSDT | Spread (BIN): 0.02% | Phemex: 0.04764 | BIN: 0.04765
2026-05-02 18:46:58 | INFO | bot | [EXIT] ⚠️ FALLBACK (GASUSDT): DEX price is 0, using Binance source!
2026-05-02 18:46:58 | DEBUG | bot | [EXITCHECK] GASUSDT | Spread (BIN): 0.00% | Phemex: 1.601 | BIN: 1.601
2026-05-02 18:46:58 | INFO | bot | [EXIT] ⚠️ FALLBACK (TIAUSDT): DEX price is 0, using Binance source!
2026-05-02 18:46:58 | DEBUG | bot | [EXITCHECK] TIAUSDT | Spread (BIN): 0.03% | Phemex: 0.3606 | BIN: 0.3607
2026-05-02 18:46:58 | INFO | bot | [EXIT] ⚠️ FALLBACK (MEMEUSDT): DEX price is 0, using Binance source!
2026-05-02 18:46:58 | DEBUG | bot | [EXITCHECK] MEMEUSDT | Spread (BIN): 0.02% | Phemex: 0.0005812 | BIN: 0.0005813
2026-05-02 18:46:58 | INFO | bot | [EXIT] ⚠️ FALLBACK (CAKEUSDT): DEX price is 0, using Binance source!
2026-05-02 18:46:58 | DEBUG | bot | [EXITCHECK] CAKEUSDT | Spread (BIN): 0.00% | Phemex: 1.4656 | BIN: 1.4656
2026-05-02 18:46:58 | INFO | bot | [EXIT] ⚠️ FALLBACK (STEEMUSDT): DEX price is 0, using Binance source!
2026-05-02 18:46:58 | DEBUG | bot | [EXITCHECK] STEEMUSDT | Spread (BIN): 0.00% | Phemex: 0.05626 | BIN: 0.05626
2026-05-02 18:46:58 | INFO | bot | [EXIT] ⚠️ FALLBACK (ILVUSDT): DEX price is 0, using Binance source!
2026-05-02 18:46:58 | DEBUG | bot | [EXITCHECK] ILVUSDT | Spread (BIN): 0.00% | Phemex: 4.761 | BIN: 4.761
2026-05-02 18:46:58 | INFO | bot | [EXIT] ⚠️ FALLBACK (KASUSDT): DEX price is 0, using Binance source!
2026-05-02 18:46:58 | DEBUG | bot | [EXITCHECK] KASUSDT | Spread (BIN): 0.00% | Phemex: 0.03308 | BIN: 0.03308
2026-05-02 18:46:58 | INFO | bot | [EXIT] ⚠️ FALLBACK (BEAMUSDT): DEX price is 0, using Binance source!
2026-05-02 18:46:58 | DEBUG | bot | [EXITCHECK] BEAMUSDT | Spread (BIN): 0.00% | Phemex: 0.001949 | BIN: 0.0
2026-05-02 18:46:58 | INFO | bot | [EXIT] ⚠️ FALLBACK (PYTHUSDT): DEX price is 0, using Binance source!
2026-05-02 18:46:58 | DEBUG | bot | [EXITCHECK] PYTHUSDT | Spread (BIN): 0.04% | Phemex: 0.04759 | BIN: 0.04761
2026-05-02 18:46:58 | INFO | bot | [EXIT] ⚠️ FALLBACK (SUPERUSDT): DEX price is 0, using Binance source!
2026-05-02 18:46:58 | DEBUG | bot | [EXITCHECK] SUPERUSDT | Spread (BIN): 0.08% | Phemex: 0.1228 | BIN: 0.1229
2026-05-02 18:46:58 | INFO | bot | [EXIT] ⚠️ FALLBACK (USTCUSDT): DEX price is 0, using Binance source!
2026-05-02 18:46:58 | DEBUG | bot | [EXITCHECK] USTCUSDT | Spread (BIN): -0.07% | Phemex: 0.007173 | BIN: 0.007168
2026-05-02 18:46:58 | INFO | bot | [EXIT] ⚠️ FALLBACK (AMDUSDT): DEX price is 0, using Binance source!
2026-05-02 18:46:58 | DEBUG | bot | [EXITCHECK] AMDUSDT | Spread (BIN): 0.00% | Phemex: 360.78 | BIN: 0.0
2026-05-02 18:46:58 | INFO | bot | [EXIT] ⚠️ FALLBACK (AIGENSYNUSDT): DEX price is 0, using Binance source!
2026-05-02 18:46:58 | DEBUG | bot | [EXITCHECK] AIGENSYNUSDT | Spread (BIN): -0.06% | Phemex: 0.03126 | BIN: 0.03124
2026-05-02 18:46:58 | INFO | bot | [EXIT] ⚠️ FALLBACK (BLENDUSDT): DEX price is 0, using Binance source!
2026-05-02 18:46:58 | DEBUG | bot | [EXITCHECK] BLENDUSDT | Spread (BIN): 0.00% | Phemex: 0.1178 | BIN: 0.0
2026-05-02 18:46:58 | INFO | bot | [EXIT] ⚠️ FALLBACK (TRIAUSDT): DEX price is 0, using Binance source!
2026-05-02 18:46:58 | DEBUG | bot | [EXITCHECK] TRIAUSDT | Spread (BIN): 0.12% | Phemex: 0.04006 | BIN: 0.04011
2026-05-02 18:46:58 | INFO | bot | [EXIT] ⚠️ FALLBACK (ESPUSDT): DEX price is 0, using Binance source!
2026-05-02 18:46:58 | DEBUG | bot | [EXITCHECK] ESPUSDT | Spread (BIN): 0.00% | Phemex: 0.06776 | BIN: 0.06776
2026-05-02 18:46:58 | INFO | bot | [EXIT] ⚠️ FALLBACK (AZTECUSDT): DEX price is 0, using Binance source!
2026-05-02 18:46:58 | DEBUG | bot | [EXITCHECK] AZTECUSDT | Spread (BIN): 0.10% | Phemex: 0.02007 | BIN: 0.02009
2026-05-02 18:46:58 | INFO | bot | [EXIT] ⚠️ FALLBACK (OPNUSDT): DEX price is 0, using Binance source!
2026-05-02 18:46:58 | DEBUG | bot | [EXITCHECK] OPNUSDT | Spread (BIN): 0.11% | Phemex: 0.1743 | BIN: 0.1745
2026-05-02 18:46:58 | INFO | bot | [EXIT] ⚠️ FALLBACK (ROBOUSDT): DEX price is 0, using Binance source!
2026-05-02 18:46:58 | DEBUG | bot | [EXITCHECK] ROBOUSDT | Spread (BIN): -0.10% | Phemex: 0.02001 | BIN: 0.01999
2026-05-02 18:46:58 | INFO | bot | [EXIT] ⚠️ FALLBACK (XPTUSDT): DEX price is 0, using Binance source!
2026-05-02 18:46:58 | DEBUG | bot | [EXITCHECK] XPTUSDT | Spread (BIN): -0.02% | Phemex: 1993.14 | BIN: 1992.65
2026-05-02 18:46:58 | INFO | bot | [EXIT] ⚠️ FALLBACK (SKLUSDT): DEX price is 0, using Binance source!
2026-05-02 18:46:58 | DEBUG | bot | [EXITCHECK] SKLUSDT | Spread (BIN): 0.00% | Phemex: 0.00685 | BIN: 0.00685
2026-05-02 18:46:58 | INFO | bot | [EXIT] ⚠️ FALLBACK (DYDXUSDT): DEX price is 0, using Binance source!
2026-05-02 18:46:58 | DEBUG | bot | [EXITCHECK] DYDXUSDT | Spread (BIN): 0.00% | Phemex: 0.1557 | BIN: 0.1557
2026-05-02 18:46:58 | INFO | bot | [EXIT] ⚠️ FALLBACK (INJUSDT): DEX price is 0, using Binance source!
2026-05-02 18:46:58 | DEBUG | bot | [EXITCHECK] INJUSDT | Spread (BIN): 0.05% | Phemex: 3.795 | BIN: 3.797
2026-05-02 18:46:58 | INFO | bot | [EXIT] ⚠️ FALLBACK (ARPAUSDT): DEX price is 0, using Binance source!
2026-05-02 18:46:58 | DEBUG | bot | [EXITCHECK] ARPAUSDT | Spread (BIN): 0.10% | Phemex: 0.00995 | BIN: 0.00996
2026-05-02 18:46:58 | INFO | bot | [EXIT] ⚠️ FALLBACK (AAVEUSDT): DEX price is 0, using Binance source!
2026-05-02 18:46:58 | DEBUG | bot | [EXITCHECK] AAVEUSDT | Spread (BIN): 0.00% | Phemex: 92.69 | BIN: 92.69
2026-05-02 18:46:58 | INFO | bot | [EXIT] ⚠️ FALLBACK (SYRUPUSDT): DEX price is 0, using Binance source!
2026-05-02 18:46:58 | DEBUG | bot | [EXITCHECK] SYRUPUSDT | Spread (BIN): -0.03% | Phemex: 0.2486 | BIN: 0.24852
2026-05-02 18:46:58 | INFO | bot | [EXIT] ⚠️ FALLBACK (B2USDT): DEX price is 0, using Binance source!
2026-05-02 18:46:58 | DEBUG | bot | [EXITCHECK] B2USDT | Spread (BIN): -0.06% | Phemex: 0.6415 | BIN: 0.6411
2026-05-02 18:46:58 | INFO | bot | [EXIT] ⚠️ FALLBACK (ALPINEUSDT): DEX price is 0, using Binance source!
2026-05-02 18:46:58 | DEBUG | bot | [EXITCHECK] ALPINEUSDT | Spread (BIN): 0.00% | Phemex: 0.455 | BIN: 0.455
2026-05-02 18:46:58 | INFO | bot | [EXIT] ⚠️ FALLBACK (ASRUSDT): DEX price is 0, using Binance source!
2026-05-02 18:46:58 | DEBUG | bot | [EXITCHECK] ASRUSDT | Spread (BIN): 0.08% | Phemex: 1.242 | BIN: 1.243
2026-05-02 18:46:58 | INFO | bot | [EXIT] ⚠️ FALLBACK (SXTUSDT): DEX price is 0, using Binance source!
2026-05-02 18:46:58 | DEBUG | bot | [EXITCHECK] SXTUSDT | Spread (BIN): 0.06% | Phemex: 0.01628 | BIN: 0.01629
2026-05-02 18:46:58 | INFO | bot | [EXIT] ⚠️ FALLBACK (ONGUSDT): DEX price is 0, using Binance source!
2026-05-02 18:46:58 | DEBUG | bot | [EXITCHECK] ONGUSDT | Spread (BIN): -0.01% | Phemex: 0.07275 | BIN: 0.07274
2026-05-02 18:46:58 | INFO | bot | [EXIT] ⚠️ FALLBACK (JTOUSDT): DEX price is 0, using Binance source!
2026-05-02 18:46:58 | DEBUG | bot | [EXITCHECK] JTOUSDT | Spread (BIN): 0.03% | Phemex: 0.3717 | BIN: 0.3718
2026-05-02 18:46:58 | INFO | bot | [EXIT] ⚠️ FALLBACK (ACEUSDT): DEX price is 0, using Binance source!
2026-05-02 18:46:58 | DEBUG | bot | [EXITCHECK] ACEUSDT | Spread (BIN): 0.00% | Phemex: 0.1203 | BIN: 0.1203
2026-05-02 18:46:58 | INFO | bot | [EXIT] ⚠️ FALLBACK (MOVRUSDT): DEX price is 0, using Binance source!
2026-05-02 18:46:58 | DEBUG | bot | [EXITCHECK] MOVRUSDT | Spread (BIN): 0.08% | Phemex: 2.557 | BIN: 2.559
2026-05-02 18:46:58 | INFO | bot | [EXIT] ⚠️ FALLBACK (TLMUSDT): DEX price is 0, using Binance source!
2026-05-02 18:46:58 | DEBUG | bot | [EXITCHECK] TLMUSDT | Spread (BIN): -0.16% | Phemex: 0.001859 | BIN: 0.001856
2026-05-02 18:46:58 | INFO | bot | [EXIT] ⚠️ FALLBACK (ICXUSDT): DEX price is 0, using Binance source!
2026-05-02 18:46:58 | DEBUG | bot | [EXITCHECK] ICXUSDT | Spread (BIN): -0.11% | Phemex: 0.0366 | BIN: 0.03656
2026-05-02 18:46:58 | INFO | bot | [EXIT] ⚠️ FALLBACK (BELUSDT): DEX price is 0, using Binance source!
2026-05-02 18:46:58 | DEBUG | bot | [EXITCHECK] BELUSDT | Spread (BIN): 0.00% | Phemex: 0.106 | BIN: 0.106
2026-05-02 18:46:58 | INFO | bot | [EXIT] ⚠️ FALLBACK (RPLUSDT): DEX price is 0, using Binance source!
2026-05-02 18:46:58 | DEBUG | bot | [EXITCHECK] RPLUSDT | Spread (BIN): 0.05% | Phemex: 1.846 | BIN: 1.847
2026-05-02 18:46:58 | INFO | bot | [EXIT] ⚠️ FALLBACK (SUIUSDT): DEX price is 0, using Binance source!
2026-05-02 18:46:58 | DEBUG | bot | [EXITCHECK] SUIUSDT | Spread (BIN): 0.03% | Phemex: 0.9246 | BIN: 0.9249
2026-05-02 18:46:58 | INFO | bot | [EXIT] ⚠️ FALLBACK (EDENUSDT): DEX price is 0, using Binance source!
2026-05-02 18:46:58 | DEBUG | bot | [EXITCHECK] EDENUSDT | Spread (BIN): -0.08% | Phemex: 0.03763 | BIN: 0.0376
2026-05-02 18:46:58 | INFO | bot | [EXIT] ⚠️ FALLBACK (2ZUSDT): DEX price is 0, using Binance source!
2026-05-02 18:46:58 | DEBUG | bot | [EXITCHECK] 2ZUSDT | Spread (BIN): 0.05% | Phemex: 0.0851 | BIN: 0.08514
2026-05-02 18:46:58 | INFO | bot | [EXIT] ⚠️ FALLBACK (EVAAUSDT): DEX price is 0, using Binance source!
2026-05-02 18:46:58 | DEBUG | bot | [EXITCHECK] EVAAUSDT | Spread (BIN): 0.05% | Phemex: 0.5881 | BIN: 0.5884
2026-05-02 18:46:58 | INFO | bot | [EXIT] ⚠️ FALLBACK (LYNUSDT): DEX price is 0, using Binance source!
2026-05-02 18:46:58 | DEBUG | bot | [EXITCHECK] LYNUSDT | Spread (BIN): -0.25% | Phemex: 0.0644 | BIN: 0.06424
2026-05-02 18:46:58 | INFO | bot | [EXIT] ⚠️ FALLBACK (KGENUSDT): DEX price is 0, using Binance source!
2026-05-02 18:46:58 | DEBUG | bot | [EXITCHECK] KGENUSDT | Spread (BIN): -0.10% | Phemex: 0.1881 | BIN: 0.18792
2026-05-02 18:46:58 | INFO | bot | [EXIT] ⚠️ FALLBACK (AEROUSDT): DEX price is 0, using Binance source!
2026-05-02 18:46:58 | DEBUG | bot | [EXITCHECK] AEROUSDT | Spread (BIN): 0.02% | Phemex: 0.4513 | BIN: 0.4514
2026-05-02 18:46:58 | INFO | bot | [EXIT] ⚠️ FALLBACK (KAIAUSDT): DEX price is 0, using Binance source!
2026-05-02 18:46:58 | DEBUG | bot | [EXITCHECK] KAIAUSDT | Spread (BIN): 0.00% | Phemex: 0.04554 | BIN: 0.04554
2026-05-02 18:46:58 | INFO | bot | [EXIT] ⚠️ FALLBACK (MOVEUSDT): DEX price is 0, using Binance source!
2026-05-02 18:46:58 | DEBUG | bot | [EXITCHECK] MOVEUSDT | Spread (BIN): -0.11% | Phemex: 0.01784 | BIN: 0.01782
2026-05-02 18:46:58 | INFO | bot | [EXIT] ⚠️ FALLBACK (ORCAUSDT): DEX price is 0, using Binance source!
2026-05-02 18:46:58 | DEBUG | bot | [EXITCHECK] ORCAUSDT | Spread (BIN): 0.10% | Phemex: 2.055 | BIN: 2.057
2026-05-02 18:46:58 | INFO | bot | [EXIT] ⚠️ FALLBACK (IDOLUSDT): DEX price is 0, using Binance source!
2026-05-02 18:46:58 | DEBUG | bot | [EXITCHECK] IDOLUSDT | Spread (BIN): 0.04% | Phemex: 0.02306 | BIN: 0.02307
2026-05-02 18:46:58 | INFO | bot | [EXIT] ⚠️ FALLBACK (INUSDT): DEX price is 0, using Binance source!
2026-05-02 18:46:58 | DEBUG | bot | [EXITCHECK] INUSDT | Spread (BIN): 0.01% | Phemex: 0.06765 | BIN: 0.06766
2026-05-02 18:46:58 | INFO | bot | [EXIT] ⚠️ FALLBACK (XNYUSDT): DEX price is 0, using Binance source!
2026-05-02 18:46:58 | DEBUG | bot | [EXITCHECK] XNYUSDT | Spread (BIN): 0.29% | Phemex: 0.007479 | BIN: 0.007501
2026-05-02 18:46:58 | INFO | bot | [EXIT] ⚠️ FALLBACK (AIOUSDT): DEX price is 0, using Binance source!
2026-05-02 18:46:58 | DEBUG | bot | [EXITCHECK] AIOUSDT | Spread (BIN): -0.11% | Phemex: 0.11022 | BIN: 0.1101
2026-05-02 18:46:58 | INFO | bot | [EXIT] ⚠️ FALLBACK (SAPIENUSDT): DEX price is 0, using Binance source!
2026-05-02 18:46:58 | DEBUG | bot | [EXITCHECK] SAPIENUSDT | Spread (BIN): -0.03% | Phemex: 0.09394 | BIN: 0.09391
2026-05-02 18:46:58 | INFO | bot | [EXIT] ⚠️ FALLBACK (ZKPUSDT): DEX price is 0, using Binance source!
2026-05-02 18:46:58 | DEBUG | bot | [EXITCHECK] ZKPUSDT | Spread (BIN): 0.02% | Phemex: 0.08348 | BIN: 0.0835
2026-05-02 18:46:58 | INFO | bot | [EXIT] ⚠️ FALLBACK (GUAUSDT): DEX price is 0, using Binance source!
2026-05-02 18:46:58 | DEBUG | bot | [EXITCHECK] GUAUSDT | Spread (BIN): -0.01% | Phemex: 0.849 | BIN: 0.8489
2026-05-02 18:46:58 | INFO | bot | [EXIT] ⚠️ FALLBACK (LITUSDT): DEX price is 0, using Binance source!
2026-05-02 18:46:58 | DEBUG | bot | [EXITCHECK] LITUSDT | Spread (BIN): -0.16% | Phemex: 0.902 | BIN: 0.9006
2026-05-02 18:46:58 | INFO | bot | [EXIT] ⚠️ FALLBACK (MAGMAUSDT): DEX price is 0, using Binance source!
2026-05-02 18:46:58 | DEBUG | bot | [EXITCHECK] MAGMAUSDT | Spread (BIN): 0.03% | Phemex: 0.22928 | BIN: 0.22935
2026-05-02 18:46:58 | INFO | bot | [EXIT] ⚠️ FALLBACK (BREVUSDT): DEX price is 0, using Binance source!
2026-05-02 18:46:58 | DEBUG | bot | [EXITCHECK] BREVUSDT | Spread (BIN): 0.09% | Phemex: 0.1167 | BIN: 0.1168
2026-05-02 18:46:58 | INFO | bot | [EXIT] ⚠️ FALLBACK (PTUSDT): DEX price is 0, using Binance source!
2026-05-02 18:46:58 | DEBUG | bot | [EXITCHECK] PTUSDT | Spread (BIN): 0.00% | Phemex: 0.5255 | BIN: 0.0
2026-05-02 18:46:58 | INFO | bot | [EXIT] ⚠️ FALLBACK (NOTUSDT): DEX price is 0, using Binance source!
2026-05-02 18:46:58 | DEBUG | bot | [EXITCHECK] NOTUSDT | Spread (BIN): -0.05% | Phemex: 0.0004028 | BIN: 0.0004026
2026-05-02 18:46:58 | INFO | bot | [EXIT] ⚠️ FALLBACK (TURBOUSDT): DEX price is 0, using Binance source!
2026-05-02 18:46:58 | DEBUG | bot | [EXITCHECK] TURBOUSDT | Spread (BIN): 0.12% | Phemex: 0.001209 | BIN: 0.0012104
2026-05-02 18:46:58 | INFO | bot | [EXIT] ⚠️ FALLBACK (IOUSDT): DEX price is 0, using Binance source!
2026-05-02 18:46:58 | DEBUG | bot | [EXITCHECK] IOUSDT | Spread (BIN): 0.00% | Phemex: 0.1205 | BIN: 0.1205
2026-05-02 18:46:58 | INFO | bot | [EXIT] ⚠️ FALLBACK (ZKUSDT): DEX price is 0, using Binance source!
2026-05-02 18:46:58 | DEBUG | bot | [EXITCHECK] ZKUSDT | Spread (BIN): -0.12% | Phemex: 0.0165 | BIN: 0.01648
2026-05-02 18:46:58 | INFO | bot | [EXIT] ⚠️ FALLBACK (TSTUSDT): DEX price is 0, using Binance source!
2026-05-02 18:46:58 | DEBUG | bot | [EXITCHECK] TSTUSDT | Spread (BIN): 0.05% | Phemex: 0.0111 | BIN: 0.011106
2026-05-02 18:46:58 | INFO | bot | [EXIT] ⚠️ FALLBACK (LAYERUSDT): DEX price is 0, using Binance source!
2026-05-02 18:46:58 | DEBUG | bot | [EXITCHECK] LAYERUSDT | Spread (BIN): -0.14% | Phemex: 0.0855 | BIN: 0.08538
2026-05-02 18:46:58 | INFO | bot | [EXIT] ⚠️ FALLBACK (IPUSDT): DEX price is 0, using Binance source!
2026-05-02 18:46:58 | DEBUG | bot | [EXITCHECK] IPUSDT | Spread (BIN): 0.10% | Phemex: 0.5081 | BIN: 0.5086
2026-05-02 18:46:58 | INFO | bot | [EXIT] ⚠️ FALLBACK (BROCCOLIUSDT): DEX price is 0, using Binance source!
2026-05-02 18:46:58 | DEBUG | bot | [EXITCHECK] BROCCOLIUSDT | Spread (BIN): 0.00% | Phemex: 0.01825 | BIN: 0.0
2026-05-02 18:46:58 | INFO | bot | [EXIT] ⚠️ FALLBACK (HEIUSDT): DEX price is 0, using Binance source!
2026-05-02 18:46:58 | DEBUG | bot | [EXITCHECK] HEIUSDT | Spread (BIN): 0.06% | Phemex: 0.0828 | BIN: 0.08285
2026-05-02 18:46:58 | INFO | bot | ⏹ Остановка процессов...
2026-05-02 18:46:58 | INFO | bot | ✅ Стейт синхронизирован. В памяти 0 активных позиций.
2026-05-02 18:46:58 | INFO | bot | 💾 Финальное сохранение стейта на диск...
2026-05-02 18:46:58 | DEBUG | bot | Session close note: initializer for ctype 'void *' must be a cdata pointer, not NoneType
