2026-05-02 16:09:26 | INFO | dex_api | 🔍 [DEXCHECK] BEATUSDT | Dexscreener Price: None$ | DEX: pulsex | Pair: 0x7FaE4C49314a1AfF4F25847458D6438F4C840b0a
2026-05-02 16:09:26 | INFO | dex_api | 🔍 [DEXCHECK] BTCUSDT | Dexscreener Price: 78262.99$ | DEX: osmosis | Pair: 1943-factory_osmo1z6r6qdknhgsc0zeracktgpcxf43j6sekq07nw8sxduc9lg0qjjlqfu25e3_alloyed_allBTC-ibc_498A0751C798A0D9A389AA3691123DADA57DAA4FE165D5C75894505B876BA6E4
2026-05-02 16:10:00 | INFO | dex_api | [DEXCHECK] BEATUSDT | Dexscreener Price: 0.000001555$ | DEX: pulsex | Pair: 0xDB832e8734203c04b404E8A0186c2fc1260F4130
2026-05-02 16:10:00 | INFO | dex_api | [DEXCHECK] BTCUSDT | Dexscreener Price: 78296.86$ | DEX: osmosis | Pair: 1943-factory_osmo1z6r6qdknhgsc0zeracktgpcxf43j6sekq07nw8sxduc9lg0qjjlqfu25e3_alloyed_allBTC-ibc_498A0751C798A0D9A389AA3691123DADA57DAA4FE165D5C75894505B876BA6E4
2026-05-02 16:11:52 | INFO | dex_api | [DEXCHECK] BEATUSDT | Dexscreener Price: 0.000001555$ | DEX: pulsex | Pair: 0xDB832e8734203c04b404E8A0186c2fc1260F4130
2026-05-02 16:11:52 | INFO | dex_api | [DEXCHECK] BTCUSDT | Dexscreener Price: 78299.68$ | DEX: osmosis | Pair: 1943-factory_osmo1z6r6qdknhgsc0zeracktgpcxf43j6sekq07nw8sxduc9lg0qjjlqfu25e3_alloyed_allBTC-ibc_498A0751C798A0D9A389AA3691123DADA57DAA4FE165D5C75894505B876BA6E4
2026-05-02 16:15:39 | INFO | dex_api | [DEXCHECK] BEATUSDT | Dexscreener Price: 2.0099$ | DEX: uniswap | Pair: 0xfcc3F53C2Bd3941020cD448B147CB45cE56bBb3D
2026-05-02 16:15:39 | INFO | dex_api | [DEXCHECK] BTCUSDT | Dexscreener Price: 64993.74$ | DEX: raydium | Pair: 4S8dBxKb6Myb4nJDwbvTMVcEoRd3PyiYQjApjYK7PZ57
2026-05-02 16:16:10 | INFO | dex_api | [DEXCHECK] BEATUSDT | Dexscreener Price: 2.0099$ | DEX: uniswap | Pair: 0xfcc3F53C2Bd3941020cD448B147CB45cE56bBb3D
2026-05-02 16:16:10 | INFO | dex_api | [DEXCHECK] BTCUSDT | Dexscreener Price: 64993.74$ | DEX: raydium | Pair: 4S8dBxKb6Myb4nJDwbvTMVcEoRd3PyiYQjApjYK7PZ57
2026-05-02 16:17:11 | INFO | dex_api | [DEXCHECK] BEATUSDT | DexPrice: 0.5971$ | Ref: 0.5971$ | DEX: pancakeswap | Pair: 0xe00e95284ddd3747cC61a2D9FE9B7f2fe838dE51
2026-05-02 16:17:12 | INFO | dex_api | [DEXCHECK] BTCUSDT | DexPrice: 64993.74$ | Ref: None$ | DEX: raydium | Pair: 4S8dBxKb6Myb4nJDwbvTMVcEoRd3PyiYQjApjYK7PZ57
2026-05-02 16:18:16 | INFO | dex_api | [DEXCHECK] BEATUSDT | DexPrice: 0.5971$ | Ref: 0.5971$ | DEX: pancakeswap | Pair: 0xe00e95284ddd3747cC61a2D9FE9B7f2fe838dE51
2026-05-02 16:18:16 | INFO | dex_api | [DEXCHECK] BTCUSDT | DexPrice: 64993.74$ | Ref: None$ | DEX: raydium | Pair: 4S8dBxKb6Myb4nJDwbvTMVcEoRd3PyiYQjApjYK7PZ57
2026-05-02 16:30:13 | INFO | dex_api | [DEXCHECK] BEATUSDT | DexPrice: 0.5971$ | Ref: 0.5971$ | DEX: pancakeswap | Pair: 0xe00e95284ddd3747cC61a2D9FE9B7f2fe838dE51
2026-05-02 16:30:13 | INFO | dex_api | [DEXCHECK] BTCUSDT | DexPrice: 64993.74$ | Ref: None$ | DEX: raydium | Pair: 4S8dBxKb6Myb4nJDwbvTMVcEoRd3PyiYQjApjYK7PZ57
2026-05-02 16:41:44 | INFO | dex_api | [DEXCHECK] BEATUSDT | DexPrice: 2.0099$ | Ref: 0.5971$ | DEX: uniswap | Token: 0x0A74A0238A94009bfc2ee466AC98b91e59b34BB9 | LP: 0xfcc3F53C2Bd3941020cD448B147CB45cE56bBb3D (vs WETH)
2026-05-02 16:41:44 | INFO | dex_api | [DEXCHECK] BTCUSDT | DexPrice: 64993.74$ | Ref: None$ | DEX: raydium | Token: 2reXGFzg4bTG1EdQMEMu3zHzmdLCoqUoQiCbchBXpSws | LP: 4S8dBxKb6Myb4nJDwbvTMVcEoRd3PyiYQjApjYK7PZ57 (vs USDC)
2026-05-02 16:42:24 | INFO | dex_api | [DEXCHECK] BEATUSDT | DexPrice: 2.0099$ | Ref: 0.5971$ | DEX: uniswap | Token: 0x0A74A0238A94009bfc2ee466AC98b91e59b34BB9 | LP: 0xfcc3F53C2Bd3941020cD448B147CB45cE56bBb3D (vs WETH)
2026-05-02 16:47:17 | INFO | dex_api | [DEXCHECK] BEATUSDT | DexPrice: 0.5991$ | Ref: 0.5971$ | DEX: pancakeswap | Token: 0xcf3232B85b43BCa90E51D38cc06Cc8bB8C8A3E36 | LP: 0xbaA24043b82De4ab26da342188c1e0fffE4b7223 (vs USDT)
2026-05-02 16:54:04 | INFO | dex_api | [DEXCHECK] LABUSDT | DexPrice: 3.058$ | Ref: 3.06092$ | DEX: pancakeswap | Token: 0x7ec43Cf65F1663F820427C62A5780b8f2E25593A | LP: 0x2f62969A74159bfC9365d8Cd29aE8F6D15582204 (vs USDT)
2026-05-02 17:05:13 | INFO | dex_api | [DEXCHECK] KNCUSDT | DexPrice: 0.1690$ | Ref: 0.1692$ | DEX: uniswap | Token: 0xa00E3A3511aAC35cA78530c85007AFCd31753819 | LP: 0x72DA5b3C28B8cEE48158F469e0E9215607FE06d7 (vs WETH)
