2026-05-01 19:11:27 | INFO | main | ⚙️ Скип установки (Leverage & Margin), так как set_previous == false
2026-05-01 19:11:27 | INFO | main | 🤖 Запуск супервизора Telegram...
2026-05-01 19:12:05 | WARNING | main | 
🛑 Получен сигнал прерывания. Остановка...
2026-05-01 19:12:05 | INFO | main | 🧹 Очистка ресурсов...
2026-05-01 19:12:06 | INFO | main | Stopping TG supervisor...
2026-05-01 19:12:06 | INFO | main | ✅ Программа безопасно завершена.
2026-05-01 19:13:58 | INFO | main | ⚙️ Скип установки (Leverage & Margin), так как set_previous == false
2026-05-01 19:13:59 | INFO | main | 🤖 Запуск супервизора Telegram...
2026-05-01 19:14:08 | WARNING | main | 
🛑 Получен сигнал прерывания. Остановка...
2026-05-01 19:14:08 | INFO | main | 🧹 Очистка ресурсов...
2026-05-01 19:14:08 | INFO | main | Stopping TG supervisor...
2026-05-01 19:14:09 | INFO | main | ✅ Программа безопасно завершена.
2026-05-01 19:14:34 | INFO | main | ⚙️ Скип установки (Leverage & Margin), так как set_previous == false
2026-05-01 19:14:35 | INFO | main | 🤖 Запуск супервизора Telegram...
2026-05-01 19:15:26 | WARNING | main | 
🛑 Получен сигнал прерывания. Остановка...
2026-05-01 19:15:26 | INFO | main | 🧹 Очистка ресурсов...
2026-05-01 19:15:26 | INFO | main | Stopping TG supervisor...
2026-05-01 19:15:26 | INFO | main | ✅ Программа безопасно завершена.
2026-05-01 19:42:07 | INFO | main | ⚙️ Скип установки (Leverage & Margin), так как set_previous == false
2026-05-01 19:42:07 | INFO | main | 🤖 Запуск супервизора Telegram...
2026-05-01 19:43:52 | WARNING | main | 
🛑 Получен сигнал прерывания. Остановка...
2026-05-01 19:43:52 | INFO | main | 🧹 Очистка ресурсов...
2026-05-01 19:43:53 | INFO | main | Stopping TG supervisor...
2026-05-01 19:47:07 | INFO | main | ⚙️ Скип установки (Leverage & Margin), так как set_previous == false
2026-05-01 19:47:07 | INFO | main | 🤖 Запуск супервизора Telegram...
2026-05-01 19:58:44 | WARNING | main | 
🛑 Получен сигнал прерывания. Остановка...
2026-05-01 19:58:44 | INFO | main | 🧹 Очистка ресурсов...
2026-05-01 19:58:44 | INFO | main | Stopping TG supervisor...
2026-05-01 19:58:44 | INFO | main | ✅ Программа безопасно завершена.
